
2023/09/30 (22:27:27) | ===> btop++ v.1.2.13
2023/09/30 (22:27:27) | INFO: Logger set to INFO
2023/09/30 (22:27:28) | INFO: Logger set to DEBUG
2023/09/30 (22:27:35) | INFO: Logger set to DEBUG
2023/09/30 (22:27:35) | INFO: Logger set to INFO

2023/10/01 (16:37:58) | ===> btop++ v.1.2.13
2023/10/01 (16:37:58) | ERROR: No UTF-8 locale detected!
Use --utf-force argument to force start if you're sure your terminal can handle it.

2023/11/01 (15:15:13) | ===> btop++ v.1.2.13
2023/11/01 (15:15:13) | ERROR: No UTF-8 locale detected!
Use --utf-force argument to force start if you're sure your terminal can handle it.

2023/11/01 (15:15:27) | ===> btop++ v.1.2.13
2023/11/01 (15:15:27) | ERROR: No UTF-8 locale detected!
Use --utf-force argument to force start if you're sure your terminal can handle it.

2023/12/22 (10:21:10) | ===> btop++ v.1.2.13
2023/12/22 (10:21:10) | ERROR: No UTF-8 locale detected!
Use --utf-force argument to force start if you're sure your terminal can handle it.

2023/12/22 (10:21:14) | ===> btop++ v.1.2.13
2023/12/22 (10:21:14) | ERROR: No UTF-8 locale detected!
Use --utf-force argument to force start if you're sure your terminal can handle it.

2023/12/22 (10:21:17) | ===> btop++ v.1.2.13
2023/12/22 (10:21:17) | ERROR: No UTF-8 locale detected!
Use --utf-force argument to force start if you're sure your terminal can handle it.

2024/03/22 (15:19:41) | ===> btop++ v.1.2.13
2024/03/22 (15:19:41) | ERROR: No UTF-8 locale detected!
Use --utf-force argument to force start if you're sure your terminal can handle it.

2024/03/22 (15:19:42) | ===> btop++ v.1.2.13
2024/03/22 (15:19:42) | ERROR: No UTF-8 locale detected!
Use --utf-force argument to force start if you're sure your terminal can handle it.

2024/03/22 (15:19:42) | ===> btop++ v.1.2.13
2024/03/22 (15:19:42) | ERROR: No UTF-8 locale detected!
Use --utf-force argument to force start if you're sure your terminal can handle it.

2024/03/22 (15:19:43) | ===> btop++ v.1.2.13
2024/03/22 (15:19:43) | ERROR: No UTF-8 locale detected!
Use --utf-force argument to force start if you're sure your terminal can handle it.

2024/03/22 (15:19:43) | ===> btop++ v.1.2.13
2024/03/22 (15:19:43) | ERROR: No UTF-8 locale detected!
Use --utf-force argument to force start if you're sure your terminal can handle it.

2024/03/22 (15:19:43) | ===> btop++ v.1.2.13
2024/03/22 (15:19:43) | ERROR: No UTF-8 locale detected!
Use --utf-force argument to force start if you're sure your terminal can handle it.

2024/03/22 (15:19:44) | ===> btop++ v.1.2.13
2024/03/22 (15:19:44) | ERROR: No UTF-8 locale detected!
Use --utf-force argument to force start if you're sure your terminal can handle it.

2024/03/22 (15:19:44) | ===> btop++ v.1.2.13
2024/03/22 (15:19:44) | ERROR: No UTF-8 locale detected!
Use --utf-force argument to force start if you're sure your terminal can handle it.

2024/03/22 (15:19:44) | ===> btop++ v.1.2.13
2024/03/22 (15:19:44) | ERROR: No UTF-8 locale detected!
Use --utf-force argument to force start if you're sure your terminal can handle it.

2024/03/22 (15:19:45) | ===> btop++ v.1.2.13
2024/03/22 (15:19:45) | ERROR: No UTF-8 locale detected!
Use --utf-force argument to force start if you're sure your terminal can handle it.

2024/03/22 (15:19:45) | ===> btop++ v.1.2.13
2024/03/22 (15:19:45) | ERROR: No UTF-8 locale detected!
Use --utf-force argument to force start if you're sure your terminal can handle it.

2024/03/22 (15:19:45) | ===> btop++ v.1.2.13
2024/03/22 (15:19:45) | ERROR: No UTF-8 locale detected!
Use --utf-force argument to force start if you're sure your terminal can handle it.

2024/03/22 (15:19:45) | ===> btop++ v.1.2.13
2024/03/22 (15:19:45) | ERROR: No UTF-8 locale detected!
Use --utf-force argument to force start if you're sure your terminal can handle it.

2024/03/22 (15:19:45) | ===> btop++ v.1.2.13
2024/03/22 (15:19:45) | ERROR: No UTF-8 locale detected!
Use --utf-force argument to force start if you're sure your terminal can handle it.

2024/03/22 (15:19:45) | ===> btop++ v.1.2.13
2024/03/22 (15:19:45) | ERROR: No UTF-8 locale detected!
Use --utf-force argument to force start if you're sure your terminal can handle it.

2024/03/22 (15:19:45) | ===> btop++ v.1.2.13
2024/03/22 (15:19:45) | ERROR: No UTF-8 locale detected!
Use --utf-force argument to force start if you're sure your terminal can handle it.

2024/03/22 (15:19:45) | ===> btop++ v.1.2.13
2024/03/22 (15:19:45) | ERROR: No UTF-8 locale detected!
Use --utf-force argument to force start if you're sure your terminal can handle it.

2024/03/22 (15:19:45) | ===> btop++ v.1.2.13
2024/03/22 (15:19:45) | ERROR: No UTF-8 locale detected!
Use --utf-force argument to force start if you're sure your terminal can handle it.

2024/03/22 (15:19:45) | ===> btop++ v.1.2.13
2024/03/22 (15:19:45) | ERROR: No UTF-8 locale detected!
Use --utf-force argument to force start if you're sure your terminal can handle it.

2024/03/22 (15:19:45) | ===> btop++ v.1.2.13
2024/03/22 (15:19:45) | ERROR: No UTF-8 locale detected!
Use --utf-force argument to force start if you're sure your terminal can handle it.

2024/03/22 (15:19:45) | ===> btop++ v.1.2.13
2024/03/22 (15:19:45) | ERROR: No UTF-8 locale detected!
Use --utf-force argument to force start if you're sure your terminal can handle it.

2024/03/22 (15:19:46) | ===> btop++ v.1.2.13
2024/03/22 (15:19:46) | ERROR: No UTF-8 locale detected!
Use --utf-force argument to force start if you're sure your terminal can handle it.

2024/03/22 (15:19:46) | ===> btop++ v.1.2.13
2024/03/22 (15:19:46) | ERROR: No UTF-8 locale detected!
Use --utf-force argument to force start if you're sure your terminal can handle it.

2024/03/22 (15:19:46) | ===> btop++ v.1.2.13
2024/03/22 (15:19:46) | ERROR: No UTF-8 locale detected!
Use --utf-force argument to force start if you're sure your terminal can handle it.

2024/03/22 (15:19:46) | ===> btop++ v.1.2.13
2024/03/22 (15:19:46) | ERROR: No UTF-8 locale detected!
Use --utf-force argument to force start if you're sure your terminal can handle it.

2024/03/22 (15:20:45) | ===> btop++ v.1.2.13
2024/03/22 (15:20:45) | ERROR: No UTF-8 locale detected!
Use --utf-force argument to force start if you're sure your terminal can handle it.

2024/03/22 (15:20:46) | ===> btop++ v.1.2.13
2024/03/22 (15:20:46) | ERROR: No UTF-8 locale detected!
Use --utf-force argument to force start if you're sure your terminal can handle it.

2024/03/22 (15:20:47) | ===> btop++ v.1.2.13
2024/03/22 (15:20:47) | ERROR: No UTF-8 locale detected!
Use --utf-force argument to force start if you're sure your terminal can handle it.

2024/03/22 (15:20:47) | ===> btop++ v.1.2.13
2024/03/22 (15:20:47) | ERROR: No UTF-8 locale detected!
Use --utf-force argument to force start if you're sure your terminal can handle it.

2024/03/22 (15:20:47) | ===> btop++ v.1.2.13
2024/03/22 (15:20:47) | ERROR: No UTF-8 locale detected!
Use --utf-force argument to force start if you're sure your terminal can handle it.

2024/03/22 (15:20:47) | ===> btop++ v.1.2.13
2024/03/22 (15:20:47) | ERROR: No UTF-8 locale detected!
Use --utf-force argument to force start if you're sure your terminal can handle it.

2024/03/22 (15:20:47) | ===> btop++ v.1.2.13
2024/03/22 (15:20:47) | ERROR: No UTF-8 locale detected!
Use --utf-force argument to force start if you're sure your terminal can handle it.

2024/03/22 (15:20:48) | ===> btop++ v.1.2.13
2024/03/22 (15:20:48) | ERROR: No UTF-8 locale detected!
Use --utf-force argument to force start if you're sure your terminal can handle it.

2024/03/22 (15:20:48) | ===> btop++ v.1.2.13
2024/03/22 (15:20:48) | ERROR: No UTF-8 locale detected!
Use --utf-force argument to force start if you're sure your terminal can handle it.

2024/03/22 (15:20:48) | ===> btop++ v.1.2.13
2024/03/22 (15:20:48) | ERROR: No UTF-8 locale detected!
Use --utf-force argument to force start if you're sure your terminal can handle it.

2024/03/22 (15:20:48) | ===> btop++ v.1.2.13
2024/03/22 (15:20:48) | ERROR: No UTF-8 locale detected!
Use --utf-force argument to force start if you're sure your terminal can handle it.

2024/03/22 (15:20:48) | ===> btop++ v.1.2.13
2024/03/22 (15:20:48) | ERROR: No UTF-8 locale detected!
Use --utf-force argument to force start if you're sure your terminal can handle it.

2024/03/22 (15:20:49) | ===> btop++ v.1.2.13
2024/03/22 (15:20:49) | ERROR: No UTF-8 locale detected!
Use --utf-force argument to force start if you're sure your terminal can handle it.

2024/03/22 (15:20:49) | ===> btop++ v.1.2.13
2024/03/22 (15:20:49) | ERROR: No UTF-8 locale detected!
Use --utf-force argument to force start if you're sure your terminal can handle it.

2024/03/22 (15:20:49) | ===> btop++ v.1.2.13
2024/03/22 (15:20:49) | ERROR: No UTF-8 locale detected!
Use --utf-force argument to force start if you're sure your terminal can handle it.

2024/03/22 (15:20:49) | ===> btop++ v.1.2.13
2024/03/22 (15:20:49) | ERROR: No UTF-8 locale detected!
Use --utf-force argument to force start if you're sure your terminal can handle it.

2024/03/22 (15:20:50) | ===> btop++ v.1.2.13
2024/03/22 (15:20:50) | ERROR: No UTF-8 locale detected!
Use --utf-force argument to force start if you're sure your terminal can handle it.

2024/03/22 (15:20:50) | ===> btop++ v.1.2.13
2024/03/22 (15:20:50) | ERROR: No UTF-8 locale detected!
Use --utf-force argument to force start if you're sure your terminal can handle it.

2024/03/22 (15:20:50) | ===> btop++ v.1.2.13
2024/03/22 (15:20:50) | ERROR: No UTF-8 locale detected!
Use --utf-force argument to force start if you're sure your terminal can handle it.

2024/03/22 (15:20:50) | ===> btop++ v.1.2.13
2024/03/22 (15:20:50) | ERROR: No UTF-8 locale detected!
Use --utf-force argument to force start if you're sure your terminal can handle it.

2024/03/22 (15:20:50) | ===> btop++ v.1.2.13
2024/03/22 (15:20:50) | ERROR: No UTF-8 locale detected!
Use --utf-force argument to force start if you're sure your terminal can handle it.

2024/03/22 (15:20:50) | ===> btop++ v.1.2.13
2024/03/22 (15:20:50) | ERROR: No UTF-8 locale detected!
Use --utf-force argument to force start if you're sure your terminal can handle it.

2024/03/22 (15:20:51) | ===> btop++ v.1.2.13
2024/03/22 (15:20:51) | ERROR: No UTF-8 locale detected!
Use --utf-force argument to force start if you're sure your terminal can handle it.

2024/03/22 (15:20:51) | ===> btop++ v.1.2.13
2024/03/22 (15:20:51) | ERROR: No UTF-8 locale detected!
Use --utf-force argument to force start if you're sure your terminal can handle it.

2024/03/22 (15:20:51) | ===> btop++ v.1.2.13
2024/03/22 (15:20:51) | ERROR: No UTF-8 locale detected!
Use --utf-force argument to force start if you're sure your terminal can handle it.

2024/03/22 (15:20:53) | ===> btop++ v.1.2.13
2024/03/22 (15:20:53) | ERROR: No UTF-8 locale detected!
Use --utf-force argument to force start if you're sure your terminal can handle it.

2024/03/22 (15:20:53) | ===> btop++ v.1.2.13
2024/03/22 (15:20:53) | ERROR: No UTF-8 locale detected!
Use --utf-force argument to force start if you're sure your terminal can handle it.

2024/03/22 (15:20:53) | ===> btop++ v.1.2.13
2024/03/22 (15:20:53) | ERROR: No UTF-8 locale detected!
Use --utf-force argument to force start if you're sure your terminal can handle it.

2024/03/22 (15:21:22) | ===> btop++ v.1.2.13
2024/03/22 (15:21:22) | ERROR: No UTF-8 locale detected!
Use --utf-force argument to force start if you're sure your terminal can handle it.

2024/03/22 (15:21:22) | ===> btop++ v.1.2.13
2024/03/22 (15:21:22) | ERROR: No UTF-8 locale detected!
Use --utf-force argument to force start if you're sure your terminal can handle it.

2024/03/22 (15:21:23) | ===> btop++ v.1.2.13
2024/03/22 (15:21:23) | ERROR: No UTF-8 locale detected!
Use --utf-force argument to force start if you're sure your terminal can handle it.

2024/03/22 (15:21:23) | ===> btop++ v.1.2.13
2024/03/22 (15:21:23) | ERROR: No UTF-8 locale detected!
Use --utf-force argument to force start if you're sure your terminal can handle it.

2024/03/22 (15:21:23) | ===> btop++ v.1.2.13
2024/03/22 (15:21:23) | ERROR: No UTF-8 locale detected!
Use --utf-force argument to force start if you're sure your terminal can handle it.

2024/03/22 (15:21:23) | ===> btop++ v.1.2.13
2024/03/22 (15:21:23) | ERROR: No UTF-8 locale detected!
Use --utf-force argument to force start if you're sure your terminal can handle it.

2024/03/22 (15:21:23) | ===> btop++ v.1.2.13
2024/03/22 (15:21:23) | ERROR: No UTF-8 locale detected!
Use --utf-force argument to force start if you're sure your terminal can handle it.

2024/03/22 (15:21:23) | ===> btop++ v.1.2.13
2024/03/22 (15:21:23) | ERROR: No UTF-8 locale detected!
Use --utf-force argument to force start if you're sure your terminal can handle it.

2024/03/22 (15:21:23) | ===> btop++ v.1.2.13
2024/03/22 (15:21:23) | ERROR: No UTF-8 locale detected!
Use --utf-force argument to force start if you're sure your terminal can handle it.

2024/03/22 (15:21:23) | ===> btop++ v.1.2.13
2024/03/22 (15:21:23) | ERROR: No UTF-8 locale detected!
Use --utf-force argument to force start if you're sure your terminal can handle it.

2024/03/22 (15:21:23) | ===> btop++ v.1.2.13
2024/03/22 (15:21:23) | ERROR: No UTF-8 locale detected!
Use --utf-force argument to force start if you're sure your terminal can handle it.

2024/03/22 (15:21:23) | ===> btop++ v.1.2.13
2024/03/22 (15:21:23) | ERROR: No UTF-8 locale detected!
Use --utf-force argument to force start if you're sure your terminal can handle it.

2024/03/22 (15:21:23) | ===> btop++ v.1.2.13
2024/03/22 (15:21:23) | ERROR: No UTF-8 locale detected!
Use --utf-force argument to force start if you're sure your terminal can handle it.

2024/03/22 (15:21:23) | ===> btop++ v.1.2.13
2024/03/22 (15:21:23) | ERROR: No UTF-8 locale detected!
Use --utf-force argument to force start if you're sure your terminal can handle it.

2024/03/22 (15:21:23) | ===> btop++ v.1.2.13
2024/03/22 (15:21:23) | ERROR: No UTF-8 locale detected!
Use --utf-force argument to force start if you're sure your terminal can handle it.

2024/03/22 (15:21:23) | ===> btop++ v.1.2.13
2024/03/22 (15:21:23) | ERROR: No UTF-8 locale detected!
Use --utf-force argument to force start if you're sure your terminal can handle it.

2024/03/22 (15:21:23) | ===> btop++ v.1.2.13
2024/03/22 (15:21:23) | ERROR: No UTF-8 locale detected!
Use --utf-force argument to force start if you're sure your terminal can handle it.

2024/03/22 (15:21:23) | ===> btop++ v.1.2.13
2024/03/22 (15:21:23) | ERROR: No UTF-8 locale detected!
Use --utf-force argument to force start if you're sure your terminal can handle it.

2024/03/22 (15:21:23) | ===> btop++ v.1.2.13
2024/03/22 (15:21:23) | ERROR: No UTF-8 locale detected!
Use --utf-force argument to force start if you're sure your terminal can handle it.

2024/03/22 (15:21:24) | ===> btop++ v.1.2.13
2024/03/22 (15:21:24) | ERROR: No UTF-8 locale detected!
Use --utf-force argument to force start if you're sure your terminal can handle it.

2024/03/22 (15:21:24) | ===> btop++ v.1.2.13
2024/03/22 (15:21:24) | ERROR: No UTF-8 locale detected!
Use --utf-force argument to force start if you're sure your terminal can handle it.

2024/03/22 (15:21:24) | ===> btop++ v.1.2.13
2024/03/22 (15:21:24) | ERROR: No UTF-8 locale detected!
Use --utf-force argument to force start if you're sure your terminal can handle it.

2024/03/22 (15:21:24) | ===> btop++ v.1.2.13
2024/03/22 (15:21:24) | ERROR: No UTF-8 locale detected!
Use --utf-force argument to force start if you're sure your terminal can handle it.

2024/03/22 (15:21:24) | ===> btop++ v.1.2.13
2024/03/22 (15:21:24) | ERROR: No UTF-8 locale detected!
Use --utf-force argument to force start if you're sure your terminal can handle it.

2024/03/22 (15:21:24) | ===> btop++ v.1.2.13
2024/03/22 (15:21:24) | ERROR: No UTF-8 locale detected!
Use --utf-force argument to force start if you're sure your terminal can handle it.

2024/03/22 (15:21:24) | ===> btop++ v.1.2.13
2024/03/22 (15:21:24) | ERROR: No UTF-8 locale detected!
Use --utf-force argument to force start if you're sure your terminal can handle it.

2024/03/22 (15:21:24) | ===> btop++ v.1.2.13
2024/03/22 (15:21:24) | ERROR: No UTF-8 locale detected!
Use --utf-force argument to force start if you're sure your terminal can handle it.

2024/03/22 (15:21:24) | ===> btop++ v.1.2.13
2024/03/22 (15:21:24) | ERROR: No UTF-8 locale detected!
Use --utf-force argument to force start if you're sure your terminal can handle it.

2024/03/22 (15:21:24) | ===> btop++ v.1.2.13
2024/03/22 (15:21:24) | ERROR: No UTF-8 locale detected!
Use --utf-force argument to force start if you're sure your terminal can handle it.

2024/03/22 (15:21:24) | ===> btop++ v.1.2.13
2024/03/22 (15:21:24) | ERROR: No UTF-8 locale detected!
Use --utf-force argument to force start if you're sure your terminal can handle it.

2024/03/22 (15:21:24) | ===> btop++ v.1.2.13
2024/03/22 (15:21:24) | ERROR: No UTF-8 locale detected!
Use --utf-force argument to force start if you're sure your terminal can handle it.

2024/03/22 (15:21:24) | ===> btop++ v.1.2.13
2024/03/22 (15:21:24) | ERROR: No UTF-8 locale detected!
Use --utf-force argument to force start if you're sure your terminal can handle it.

2024/03/22 (15:21:24) | ===> btop++ v.1.2.13
2024/03/22 (15:21:24) | ERROR: No UTF-8 locale detected!
Use --utf-force argument to force start if you're sure your terminal can handle it.

2024/03/22 (15:21:24) | ===> btop++ v.1.2.13
2024/03/22 (15:21:24) | ERROR: No UTF-8 locale detected!
Use --utf-force argument to force start if you're sure your terminal can handle it.

2024/03/22 (15:21:24) | ===> btop++ v.1.2.13
2024/03/22 (15:21:24) | ERROR: No UTF-8 locale detected!
Use --utf-force argument to force start if you're sure your terminal can handle it.

2024/03/22 (15:21:24) | ===> btop++ v.1.2.13
2024/03/22 (15:21:24) | ERROR: No UTF-8 locale detected!
Use --utf-force argument to force start if you're sure your terminal can handle it.

2024/03/22 (15:21:24) | ===> btop++ v.1.2.13
2024/03/22 (15:21:24) | ERROR: No UTF-8 locale detected!
Use --utf-force argument to force start if you're sure your terminal can handle it.

2024/03/22 (15:21:24) | ===> btop++ v.1.2.13
2024/03/22 (15:21:24) | ERROR: No UTF-8 locale detected!
Use --utf-force argument to force start if you're sure your terminal can handle it.

2024/03/22 (15:21:37) | ===> btop++ v.1.2.13
2024/03/22 (15:21:37) | ERROR: No UTF-8 locale detected!
Use --utf-force argument to force start if you're sure your terminal can handle it.

2024/03/22 (15:21:37) | ===> btop++ v.1.2.13
2024/03/22 (15:21:37) | ERROR: No UTF-8 locale detected!
Use --utf-force argument to force start if you're sure your terminal can handle it.

2024/03/22 (15:21:37) | ===> btop++ v.1.2.13
2024/03/22 (15:21:37) | ERROR: No UTF-8 locale detected!
Use --utf-force argument to force start if you're sure your terminal can handle it.

2024/03/22 (15:21:37) | ===> btop++ v.1.2.13
2024/03/22 (15:21:37) | ERROR: No UTF-8 locale detected!
Use --utf-force argument to force start if you're sure your terminal can handle it.

2024/03/22 (15:25:05) | ===> btop++ v.1.2.13
2024/03/22 (15:25:05) | ERROR: No UTF-8 locale detected!
Use --utf-force argument to force start if you're sure your terminal can handle it.

2024/03/22 (15:25:06) | ===> btop++ v.1.2.13
2024/03/22 (15:25:06) | ERROR: No UTF-8 locale detected!
Use --utf-force argument to force start if you're sure your terminal can handle it.

2024/03/22 (15:25:06) | ===> btop++ v.1.2.13
2024/03/22 (15:25:06) | ERROR: No UTF-8 locale detected!
Use --utf-force argument to force start if you're sure your terminal can handle it.

2024/03/22 (15:25:06) | ===> btop++ v.1.2.13
2024/03/22 (15:25:06) | ERROR: No UTF-8 locale detected!
Use --utf-force argument to force start if you're sure your terminal can handle it.

2024/03/22 (15:25:07) | ===> btop++ v.1.2.13
2024/03/22 (15:25:07) | ERROR: No UTF-8 locale detected!
Use --utf-force argument to force start if you're sure your terminal can handle it.

2024/03/22 (15:25:07) | ===> btop++ v.1.2.13
2024/03/22 (15:25:07) | ERROR: No UTF-8 locale detected!
Use --utf-force argument to force start if you're sure your terminal can handle it.

2024/03/22 (15:25:07) | ===> btop++ v.1.2.13
2024/03/22 (15:25:07) | ERROR: No UTF-8 locale detected!
Use --utf-force argument to force start if you're sure your terminal can handle it.

2024/03/22 (15:25:07) | ===> btop++ v.1.2.13
2024/03/22 (15:25:07) | ERROR: No UTF-8 locale detected!
Use --utf-force argument to force start if you're sure your terminal can handle it.

2024/03/22 (15:25:07) | ===> btop++ v.1.2.13
2024/03/22 (15:25:07) | ERROR: No UTF-8 locale detected!
Use --utf-force argument to force start if you're sure your terminal can handle it.

2024/03/22 (15:25:08) | ===> btop++ v.1.2.13
2024/03/22 (15:25:08) | ERROR: No UTF-8 locale detected!
Use --utf-force argument to force start if you're sure your terminal can handle it.

2024/03/22 (15:25:08) | ===> btop++ v.1.2.13
2024/03/22 (15:25:08) | ERROR: No UTF-8 locale detected!
Use --utf-force argument to force start if you're sure your terminal can handle it.

2024/03/22 (15:25:08) | ===> btop++ v.1.2.13
2024/03/22 (15:25:08) | ERROR: No UTF-8 locale detected!
Use --utf-force argument to force start if you're sure your terminal can handle it.

2024/03/22 (15:25:08) | ===> btop++ v.1.2.13
2024/03/22 (15:25:08) | ERROR: No UTF-8 locale detected!
Use --utf-force argument to force start if you're sure your terminal can handle it.

2024/03/22 (15:25:08) | ===> btop++ v.1.2.13
2024/03/22 (15:25:08) | ERROR: No UTF-8 locale detected!
Use --utf-force argument to force start if you're sure your terminal can handle it.

2024/03/22 (15:25:08) | ===> btop++ v.1.2.13
2024/03/22 (15:25:08) | ERROR: No UTF-8 locale detected!
Use --utf-force argument to force start if you're sure your terminal can handle it.

2024/03/22 (15:25:09) | ===> btop++ v.1.2.13
2024/03/22 (15:25:09) | ERROR: No UTF-8 locale detected!
Use --utf-force argument to force start if you're sure your terminal can handle it.

2024/03/22 (15:25:09) | ===> btop++ v.1.2.13
2024/03/22 (15:25:09) | ERROR: No UTF-8 locale detected!
Use --utf-force argument to force start if you're sure your terminal can handle it.

2024/03/22 (15:25:09) | ===> btop++ v.1.2.13
2024/03/22 (15:25:09) | ERROR: No UTF-8 locale detected!
Use --utf-force argument to force start if you're sure your terminal can handle it.

2024/03/22 (15:25:09) | ===> btop++ v.1.2.13
2024/03/22 (15:25:09) | ERROR: No UTF-8 locale detected!
Use --utf-force argument to force start if you're sure your terminal can handle it.

2024/03/22 (15:25:09) | ===> btop++ v.1.2.13
2024/03/22 (15:25:09) | ERROR: No UTF-8 locale detected!
Use --utf-force argument to force start if you're sure your terminal can handle it.

2024/03/22 (15:25:09) | ===> btop++ v.1.2.13
2024/03/22 (15:25:09) | ERROR: No UTF-8 locale detected!
Use --utf-force argument to force start if you're sure your terminal can handle it.

2024/03/22 (15:25:09) | ===> btop++ v.1.2.13
2024/03/22 (15:25:09) | ERROR: No UTF-8 locale detected!
Use --utf-force argument to force start if you're sure your terminal can handle it.

2024/03/22 (15:25:09) | ===> btop++ v.1.2.13
2024/03/22 (15:25:09) | ERROR: No UTF-8 locale detected!
Use --utf-force argument to force start if you're sure your terminal can handle it.

2024/03/22 (15:25:43) | ===> btop++ v.1.2.13
2024/03/22 (15:25:43) | ERROR: No UTF-8 locale detected!
Use --utf-force argument to force start if you're sure your terminal can handle it.

2024/03/22 (15:25:43) | ===> btop++ v.1.2.13
2024/03/22 (15:25:43) | ERROR: No UTF-8 locale detected!
Use --utf-force argument to force start if you're sure your terminal can handle it.

2024/03/22 (15:25:44) | ===> btop++ v.1.2.13
2024/03/22 (15:25:44) | ERROR: No UTF-8 locale detected!
Use --utf-force argument to force start if you're sure your terminal can handle it.

2024/03/22 (15:25:44) | ===> btop++ v.1.2.13
2024/03/22 (15:25:44) | ERROR: No UTF-8 locale detected!
Use --utf-force argument to force start if you're sure your terminal can handle it.

2024/03/22 (15:25:44) | ===> btop++ v.1.2.13
2024/03/22 (15:25:44) | ERROR: No UTF-8 locale detected!
Use --utf-force argument to force start if you're sure your terminal can handle it.

2024/03/22 (15:25:45) | ===> btop++ v.1.2.13
2024/03/22 (15:25:45) | ERROR: No UTF-8 locale detected!
Use --utf-force argument to force start if you're sure your terminal can handle it.

2024/03/22 (15:25:45) | ===> btop++ v.1.2.13
2024/03/22 (15:25:45) | ERROR: No UTF-8 locale detected!
Use --utf-force argument to force start if you're sure your terminal can handle it.

2024/03/22 (15:25:45) | ===> btop++ v.1.2.13
2024/03/22 (15:25:45) | ERROR: No UTF-8 locale detected!
Use --utf-force argument to force start if you're sure your terminal can handle it.

2024/03/22 (15:25:45) | ===> btop++ v.1.2.13
2024/03/22 (15:25:45) | ERROR: No UTF-8 locale detected!
Use --utf-force argument to force start if you're sure your terminal can handle it.

2024/03/22 (15:25:46) | ===> btop++ v.1.2.13
2024/03/22 (15:25:46) | ERROR: No UTF-8 locale detected!
Use --utf-force argument to force start if you're sure your terminal can handle it.

2024/03/22 (15:25:46) | ===> btop++ v.1.2.13
2024/03/22 (15:25:46) | ERROR: No UTF-8 locale detected!
Use --utf-force argument to force start if you're sure your terminal can handle it.

2024/03/22 (15:25:46) | ===> btop++ v.1.2.13
2024/03/22 (15:25:46) | ERROR: No UTF-8 locale detected!
Use --utf-force argument to force start if you're sure your terminal can handle it.

2024/03/22 (15:25:46) | ===> btop++ v.1.2.13
2024/03/22 (15:25:46) | ERROR: No UTF-8 locale detected!
Use --utf-force argument to force start if you're sure your terminal can handle it.

2024/03/22 (15:25:47) | ===> btop++ v.1.2.13
2024/03/22 (15:25:47) | ERROR: No UTF-8 locale detected!
Use --utf-force argument to force start if you're sure your terminal can handle it.

2024/03/22 (15:25:47) | ===> btop++ v.1.2.13
2024/03/22 (15:25:47) | ERROR: No UTF-8 locale detected!
Use --utf-force argument to force start if you're sure your terminal can handle it.

2024/03/22 (15:25:47) | ===> btop++ v.1.2.13
2024/03/22 (15:25:47) | ERROR: No UTF-8 locale detected!
Use --utf-force argument to force start if you're sure your terminal can handle it.

2024/03/22 (15:25:48) | ===> btop++ v.1.2.13
2024/03/22 (15:25:48) | ERROR: No UTF-8 locale detected!
Use --utf-force argument to force start if you're sure your terminal can handle it.

2024/03/22 (15:25:48) | ===> btop++ v.1.2.13
2024/03/22 (15:25:48) | ERROR: No UTF-8 locale detected!
Use --utf-force argument to force start if you're sure your terminal can handle it.

2024/03/22 (15:25:48) | ===> btop++ v.1.2.13
2024/03/22 (15:25:48) | ERROR: No UTF-8 locale detected!
Use --utf-force argument to force start if you're sure your terminal can handle it.

2024/03/22 (15:25:48) | ===> btop++ v.1.2.13
2024/03/22 (15:25:48) | ERROR: No UTF-8 locale detected!
Use --utf-force argument to force start if you're sure your terminal can handle it.

2024/03/22 (15:27:10) | ===> btop++ v.1.2.13
2024/03/22 (15:27:10) | ERROR: No UTF-8 locale detected!
Use --utf-force argument to force start if you're sure your terminal can handle it.

2024/03/22 (15:27:11) | ===> btop++ v.1.2.13
2024/03/22 (15:27:11) | ERROR: No UTF-8 locale detected!
Use --utf-force argument to force start if you're sure your terminal can handle it.

2024/03/22 (15:27:12) | ===> btop++ v.1.2.13
2024/03/22 (15:27:12) | ERROR: No UTF-8 locale detected!
Use --utf-force argument to force start if you're sure your terminal can handle it.

2024/03/22 (15:27:12) | ===> btop++ v.1.2.13
2024/03/22 (15:27:12) | ERROR: No UTF-8 locale detected!
Use --utf-force argument to force start if you're sure your terminal can handle it.

2024/03/22 (15:27:12) | ===> btop++ v.1.2.13
2024/03/22 (15:27:12) | ERROR: No UTF-8 locale detected!
Use --utf-force argument to force start if you're sure your terminal can handle it.

2024/03/22 (15:27:12) | ===> btop++ v.1.2.13
2024/03/22 (15:27:12) | ERROR: No UTF-8 locale detected!
Use --utf-force argument to force start if you're sure your terminal can handle it.

2024/03/22 (15:27:12) | ===> btop++ v.1.2.13
2024/03/22 (15:27:12) | ERROR: No UTF-8 locale detected!
Use --utf-force argument to force start if you're sure your terminal can handle it.

2024/03/22 (15:27:13) | ===> btop++ v.1.2.13
2024/03/22 (15:27:13) | ERROR: No UTF-8 locale detected!
Use --utf-force argument to force start if you're sure your terminal can handle it.

2024/03/22 (15:27:13) | ===> btop++ v.1.2.13
2024/03/22 (15:27:13) | ERROR: No UTF-8 locale detected!
Use --utf-force argument to force start if you're sure your terminal can handle it.

2024/03/22 (15:27:13) | ===> btop++ v.1.2.13
2024/03/22 (15:27:13) | ERROR: No UTF-8 locale detected!
Use --utf-force argument to force start if you're sure your terminal can handle it.

2024/03/22 (15:27:13) | ===> btop++ v.1.2.13
2024/03/22 (15:27:13) | ERROR: No UTF-8 locale detected!
Use --utf-force argument to force start if you're sure your terminal can handle it.

2024/03/22 (15:27:13) | ===> btop++ v.1.2.13
2024/03/22 (15:27:13) | ERROR: No UTF-8 locale detected!
Use --utf-force argument to force start if you're sure your terminal can handle it.

2024/03/22 (15:27:13) | ===> btop++ v.1.2.13
2024/03/22 (15:27:13) | ERROR: No UTF-8 locale detected!
Use --utf-force argument to force start if you're sure your terminal can handle it.

2024/03/22 (15:27:14) | ===> btop++ v.1.2.13
2024/03/22 (15:27:14) | ERROR: No UTF-8 locale detected!
Use --utf-force argument to force start if you're sure your terminal can handle it.

2024/03/22 (15:27:14) | ===> btop++ v.1.2.13
2024/03/22 (15:27:14) | ERROR: No UTF-8 locale detected!
Use --utf-force argument to force start if you're sure your terminal can handle it.

2024/03/22 (15:27:14) | ===> btop++ v.1.2.13
2024/03/22 (15:27:14) | ERROR: No UTF-8 locale detected!
Use --utf-force argument to force start if you're sure your terminal can handle it.

2024/03/22 (15:27:14) | ===> btop++ v.1.2.13
2024/03/22 (15:27:14) | ERROR: No UTF-8 locale detected!
Use --utf-force argument to force start if you're sure your terminal can handle it.

2024/03/22 (15:27:14) | ===> btop++ v.1.2.13
2024/03/22 (15:27:14) | ERROR: No UTF-8 locale detected!
Use --utf-force argument to force start if you're sure your terminal can handle it.

2024/03/22 (15:27:14) | ===> btop++ v.1.2.13
2024/03/22 (15:27:14) | ERROR: No UTF-8 locale detected!
Use --utf-force argument to force start if you're sure your terminal can handle it.

2024/03/22 (15:27:14) | ===> btop++ v.1.2.13
2024/03/22 (15:27:14) | ERROR: No UTF-8 locale detected!
Use --utf-force argument to force start if you're sure your terminal can handle it.

2024/03/22 (15:27:15) | ===> btop++ v.1.2.13
2024/03/22 (15:27:15) | ERROR: No UTF-8 locale detected!
Use --utf-force argument to force start if you're sure your terminal can handle it.

2024/03/22 (15:27:15) | ===> btop++ v.1.2.13
2024/03/22 (15:27:15) | ERROR: No UTF-8 locale detected!
Use --utf-force argument to force start if you're sure your terminal can handle it.

2024/03/22 (15:29:05) | ===> btop++ v.1.2.13
2024/03/22 (15:29:05) | ERROR: No UTF-8 locale detected!
Use --utf-force argument to force start if you're sure your terminal can handle it.

2024/03/22 (15:29:05) | ===> btop++ v.1.2.13
2024/03/22 (15:29:05) | ERROR: No UTF-8 locale detected!
Use --utf-force argument to force start if you're sure your terminal can handle it.

2024/03/22 (15:29:05) | ===> btop++ v.1.2.13
2024/03/22 (15:29:05) | ERROR: No UTF-8 locale detected!
Use --utf-force argument to force start if you're sure your terminal can handle it.

2024/03/22 (15:29:05) | ===> btop++ v.1.2.13
2024/03/22 (15:29:05) | ERROR: No UTF-8 locale detected!
Use --utf-force argument to force start if you're sure your terminal can handle it.

2024/03/22 (15:29:06) | ===> btop++ v.1.2.13
2024/03/22 (15:29:06) | ERROR: No UTF-8 locale detected!
Use --utf-force argument to force start if you're sure your terminal can handle it.

2024/03/22 (15:29:06) | ===> btop++ v.1.2.13
2024/03/22 (15:29:06) | ERROR: No UTF-8 locale detected!
Use --utf-force argument to force start if you're sure your terminal can handle it.

2024/03/22 (15:29:06) | ===> btop++ v.1.2.13
2024/03/22 (15:29:06) | ERROR: No UTF-8 locale detected!
Use --utf-force argument to force start if you're sure your terminal can handle it.

2024/03/22 (15:29:06) | ===> btop++ v.1.2.13
2024/03/22 (15:29:06) | ERROR: No UTF-8 locale detected!
Use --utf-force argument to force start if you're sure your terminal can handle it.

2024/03/22 (15:29:06) | ===> btop++ v.1.2.13
2024/03/22 (15:29:06) | ERROR: No UTF-8 locale detected!
Use --utf-force argument to force start if you're sure your terminal can handle it.

2024/03/22 (15:29:07) | ===> btop++ v.1.2.13
2024/03/22 (15:29:07) | ERROR: No UTF-8 locale detected!
Use --utf-force argument to force start if you're sure your terminal can handle it.

2024/03/22 (15:29:07) | ===> btop++ v.1.2.13
2024/03/22 (15:29:07) | ERROR: No UTF-8 locale detected!
Use --utf-force argument to force start if you're sure your terminal can handle it.

2024/03/22 (15:29:07) | ===> btop++ v.1.2.13
2024/03/22 (15:29:07) | ERROR: No UTF-8 locale detected!
Use --utf-force argument to force start if you're sure your terminal can handle it.

2024/03/22 (15:29:07) | ===> btop++ v.1.2.13
2024/03/22 (15:29:07) | ERROR: No UTF-8 locale detected!
Use --utf-force argument to force start if you're sure your terminal can handle it.

2024/03/22 (15:29:07) | ===> btop++ v.1.2.13
2024/03/22 (15:29:07) | ERROR: No UTF-8 locale detected!
Use --utf-force argument to force start if you're sure your terminal can handle it.

2024/03/22 (15:29:08) | ===> btop++ v.1.2.13
2024/03/22 (15:29:08) | ERROR: No UTF-8 locale detected!
Use --utf-force argument to force start if you're sure your terminal can handle it.

2024/03/22 (15:29:08) | ===> btop++ v.1.2.13
2024/03/22 (15:29:08) | ERROR: No UTF-8 locale detected!
Use --utf-force argument to force start if you're sure your terminal can handle it.

2024/03/22 (15:29:09) | ===> btop++ v.1.2.13
2024/03/22 (15:29:09) | ERROR: No UTF-8 locale detected!
Use --utf-force argument to force start if you're sure your terminal can handle it.

2024/03/22 (15:29:09) | ===> btop++ v.1.2.13
2024/03/22 (15:29:09) | ERROR: No UTF-8 locale detected!
Use --utf-force argument to force start if you're sure your terminal can handle it.

2024/03/22 (15:29:09) | ===> btop++ v.1.2.13
2024/03/22 (15:29:09) | ERROR: No UTF-8 locale detected!
Use --utf-force argument to force start if you're sure your terminal can handle it.

2024/03/22 (15:29:09) | ===> btop++ v.1.2.13
2024/03/22 (15:29:09) | ERROR: No UTF-8 locale detected!
Use --utf-force argument to force start if you're sure your terminal can handle it.

2024/03/22 (15:29:09) | ===> btop++ v.1.2.13
2024/03/22 (15:29:09) | ERROR: No UTF-8 locale detected!
Use --utf-force argument to force start if you're sure your terminal can handle it.

2024/03/22 (15:29:09) | ===> btop++ v.1.2.13
2024/03/22 (15:29:09) | ERROR: No UTF-8 locale detected!
Use --utf-force argument to force start if you're sure your terminal can handle it.

2024/03/22 (15:29:09) | ===> btop++ v.1.2.13
2024/03/22 (15:29:09) | ERROR: No UTF-8 locale detected!
Use --utf-force argument to force start if you're sure your terminal can handle it.

2024/03/22 (15:29:09) | ===> btop++ v.1.2.13
2024/03/22 (15:29:09) | ERROR: No UTF-8 locale detected!
Use --utf-force argument to force start if you're sure your terminal can handle it.

2024/03/22 (15:29:09) | ===> btop++ v.1.2.13
2024/03/22 (15:29:09) | ERROR: No UTF-8 locale detected!
Use --utf-force argument to force start if you're sure your terminal can handle it.

2024/03/22 (15:29:09) | ===> btop++ v.1.2.13
2024/03/22 (15:29:09) | ERROR: No UTF-8 locale detected!
Use --utf-force argument to force start if you're sure your terminal can handle it.

2024/03/22 (15:29:09) | ===> btop++ v.1.2.13
2024/03/22 (15:29:09) | ERROR: No UTF-8 locale detected!
Use --utf-force argument to force start if you're sure your terminal can handle it.

2024/03/22 (15:29:09) | ===> btop++ v.1.2.13
2024/03/22 (15:29:09) | ERROR: No UTF-8 locale detected!
Use --utf-force argument to force start if you're sure your terminal can handle it.

2024/03/22 (15:29:09) | ===> btop++ v.1.2.13
2024/03/22 (15:29:09) | ERROR: No UTF-8 locale detected!
Use --utf-force argument to force start if you're sure your terminal can handle it.

2024/03/22 (15:29:09) | ===> btop++ v.1.2.13
2024/03/22 (15:29:09) | ERROR: No UTF-8 locale detected!
Use --utf-force argument to force start if you're sure your terminal can handle it.

2024/03/22 (15:29:09) | ===> btop++ v.1.2.13
2024/03/22 (15:29:09) | ERROR: No UTF-8 locale detected!
Use --utf-force argument to force start if you're sure your terminal can handle it.

2024/03/22 (15:29:09) | ===> btop++ v.1.2.13
2024/03/22 (15:29:09) | ERROR: No UTF-8 locale detected!
Use --utf-force argument to force start if you're sure your terminal can handle it.

2024/03/22 (15:29:09) | ===> btop++ v.1.2.13
2024/03/22 (15:29:09) | ERROR: No UTF-8 locale detected!
Use --utf-force argument to force start if you're sure your terminal can handle it.

2024/03/22 (15:29:09) | ===> btop++ v.1.2.13
2024/03/22 (15:29:09) | ERROR: No UTF-8 locale detected!
Use --utf-force argument to force start if you're sure your terminal can handle it.

2024/03/22 (15:29:09) | ===> btop++ v.1.2.13
2024/03/22 (15:29:09) | ERROR: No UTF-8 locale detected!
Use --utf-force argument to force start if you're sure your terminal can handle it.

2024/03/22 (15:29:09) | ===> btop++ v.1.2.13
2024/03/22 (15:29:09) | ERROR: No UTF-8 locale detected!
Use --utf-force argument to force start if you're sure your terminal can handle it.

2024/03/22 (15:29:09) | ===> btop++ v.1.2.13
2024/03/22 (15:29:09) | ERROR: No UTF-8 locale detected!
Use --utf-force argument to force start if you're sure your terminal can handle it.

2024/03/22 (15:29:09) | ===> btop++ v.1.2.13
2024/03/22 (15:29:09) | ERROR: No UTF-8 locale detected!
Use --utf-force argument to force start if you're sure your terminal can handle it.

2024/03/22 (15:29:09) | ===> btop++ v.1.2.13
2024/03/22 (15:29:09) | ERROR: No UTF-8 locale detected!
Use --utf-force argument to force start if you're sure your terminal can handle it.

2024/03/22 (15:29:10) | ===> btop++ v.1.2.13
2024/03/22 (15:29:10) | ERROR: No UTF-8 locale detected!
Use --utf-force argument to force start if you're sure your terminal can handle it.

2024/03/22 (15:33:00) | ===> btop++ v.1.2.13
2024/03/22 (15:33:00) | ERROR: No UTF-8 locale detected!
Use --utf-force argument to force start if you're sure your terminal can handle it.

2024/03/22 (15:33:00) | ===> btop++ v.1.2.13
2024/03/22 (15:33:00) | ERROR: No UTF-8 locale detected!
Use --utf-force argument to force start if you're sure your terminal can handle it.

2024/03/22 (15:33:00) | ===> btop++ v.1.2.13
2024/03/22 (15:33:00) | ERROR: No UTF-8 locale detected!
Use --utf-force argument to force start if you're sure your terminal can handle it.

2024/03/22 (15:33:01) | ===> btop++ v.1.2.13
2024/03/22 (15:33:01) | ERROR: No UTF-8 locale detected!
Use --utf-force argument to force start if you're sure your terminal can handle it.

2024/03/22 (15:33:01) | ===> btop++ v.1.2.13
2024/03/22 (15:33:01) | ERROR: No UTF-8 locale detected!
Use --utf-force argument to force start if you're sure your terminal can handle it.

2024/03/22 (15:33:01) | ===> btop++ v.1.2.13
2024/03/22 (15:33:01) | ERROR: No UTF-8 locale detected!
Use --utf-force argument to force start if you're sure your terminal can handle it.

2024/03/22 (15:33:01) | ===> btop++ v.1.2.13
2024/03/22 (15:33:01) | ERROR: No UTF-8 locale detected!
Use --utf-force argument to force start if you're sure your terminal can handle it.

2024/03/22 (15:33:01) | ===> btop++ v.1.2.13
2024/03/22 (15:33:01) | ERROR: No UTF-8 locale detected!
Use --utf-force argument to force start if you're sure your terminal can handle it.

2024/03/22 (15:33:01) | ===> btop++ v.1.2.13
2024/03/22 (15:33:01) | ERROR: No UTF-8 locale detected!
Use --utf-force argument to force start if you're sure your terminal can handle it.

2024/03/22 (15:33:01) | ===> btop++ v.1.2.13
2024/03/22 (15:33:01) | ERROR: No UTF-8 locale detected!
Use --utf-force argument to force start if you're sure your terminal can handle it.

2024/03/22 (15:33:02) | ===> btop++ v.1.2.13
2024/03/22 (15:33:02) | ERROR: No UTF-8 locale detected!
Use --utf-force argument to force start if you're sure your terminal can handle it.

2024/03/22 (15:33:02) | ===> btop++ v.1.2.13
2024/03/22 (15:33:02) | ERROR: No UTF-8 locale detected!
Use --utf-force argument to force start if you're sure your terminal can handle it.

2024/03/22 (15:33:02) | ===> btop++ v.1.2.13
2024/03/22 (15:33:02) | ERROR: No UTF-8 locale detected!
Use --utf-force argument to force start if you're sure your terminal can handle it.

2024/03/22 (15:33:02) | ===> btop++ v.1.2.13
2024/03/22 (15:33:02) | ERROR: No UTF-8 locale detected!
Use --utf-force argument to force start if you're sure your terminal can handle it.

2024/03/22 (15:33:02) | ===> btop++ v.1.2.13
2024/03/22 (15:33:02) | ERROR: No UTF-8 locale detected!
Use --utf-force argument to force start if you're sure your terminal can handle it.

2024/03/22 (15:33:02) | ===> btop++ v.1.2.13
2024/03/22 (15:33:02) | ERROR: No UTF-8 locale detected!
Use --utf-force argument to force start if you're sure your terminal can handle it.

2024/03/22 (15:33:16) | ===> btop++ v.1.2.13
2024/03/22 (15:33:16) | ERROR: No UTF-8 locale detected!
Use --utf-force argument to force start if you're sure your terminal can handle it.

2024/03/22 (15:33:17) | ===> btop++ v.1.2.13
2024/03/22 (15:33:17) | ERROR: No UTF-8 locale detected!
Use --utf-force argument to force start if you're sure your terminal can handle it.

2024/03/22 (15:33:17) | ===> btop++ v.1.2.13
2024/03/22 (15:33:17) | ERROR: No UTF-8 locale detected!
Use --utf-force argument to force start if you're sure your terminal can handle it.

2024/03/22 (15:33:17) | ===> btop++ v.1.2.13
2024/03/22 (15:33:17) | ERROR: No UTF-8 locale detected!
Use --utf-force argument to force start if you're sure your terminal can handle it.

2024/03/22 (15:33:17) | ===> btop++ v.1.2.13
2024/03/22 (15:33:17) | ERROR: No UTF-8 locale detected!
Use --utf-force argument to force start if you're sure your terminal can handle it.

2024/03/22 (15:33:17) | ===> btop++ v.1.2.13
2024/03/22 (15:33:17) | ERROR: No UTF-8 locale detected!
Use --utf-force argument to force start if you're sure your terminal can handle it.

2024/03/22 (15:33:17) | ===> btop++ v.1.2.13
2024/03/22 (15:33:17) | ERROR: No UTF-8 locale detected!
Use --utf-force argument to force start if you're sure your terminal can handle it.

2024/03/22 (15:33:18) | ===> btop++ v.1.2.13
2024/03/22 (15:33:18) | ERROR: No UTF-8 locale detected!
Use --utf-force argument to force start if you're sure your terminal can handle it.

2024/03/22 (15:33:18) | ===> btop++ v.1.2.13
2024/03/22 (15:33:18) | ERROR: No UTF-8 locale detected!
Use --utf-force argument to force start if you're sure your terminal can handle it.

2024/03/22 (15:33:18) | ===> btop++ v.1.2.13
2024/03/22 (15:33:18) | ERROR: No UTF-8 locale detected!
Use --utf-force argument to force start if you're sure your terminal can handle it.

2024/03/22 (15:33:18) | ===> btop++ v.1.2.13
2024/03/22 (15:33:18) | ERROR: No UTF-8 locale detected!
Use --utf-force argument to force start if you're sure your terminal can handle it.

2024/03/22 (15:34:04) | ===> btop++ v.1.2.13
2024/03/22 (15:34:04) | ERROR: No UTF-8 locale detected!
Use --utf-force argument to force start if you're sure your terminal can handle it.

2024/03/22 (15:34:04) | ===> btop++ v.1.2.13
2024/03/22 (15:34:04) | ERROR: No UTF-8 locale detected!
Use --utf-force argument to force start if you're sure your terminal can handle it.

2024/03/22 (15:34:04) | ===> btop++ v.1.2.13
2024/03/22 (15:34:04) | ERROR: No UTF-8 locale detected!
Use --utf-force argument to force start if you're sure your terminal can handle it.

2024/03/22 (15:34:05) | ===> btop++ v.1.2.13
2024/03/22 (15:34:05) | ERROR: No UTF-8 locale detected!
Use --utf-force argument to force start if you're sure your terminal can handle it.

2024/03/22 (15:34:05) | ===> btop++ v.1.2.13
2024/03/22 (15:34:05) | ERROR: No UTF-8 locale detected!
Use --utf-force argument to force start if you're sure your terminal can handle it.

2024/03/22 (15:34:05) | ===> btop++ v.1.2.13
2024/03/22 (15:34:05) | ERROR: No UTF-8 locale detected!
Use --utf-force argument to force start if you're sure your terminal can handle it.

2024/03/22 (15:34:05) | ===> btop++ v.1.2.13
2024/03/22 (15:34:05) | ERROR: No UTF-8 locale detected!
Use --utf-force argument to force start if you're sure your terminal can handle it.

2024/03/22 (15:37:47) | ===> btop++ v.1.2.13
2024/03/22 (15:37:47) | ERROR: No UTF-8 locale detected!
Use --utf-force argument to force start if you're sure your terminal can handle it.

2024/03/22 (15:37:47) | ===> btop++ v.1.2.13
2024/03/22 (15:37:47) | ERROR: No UTF-8 locale detected!
Use --utf-force argument to force start if you're sure your terminal can handle it.

2024/03/22 (15:37:47) | ===> btop++ v.1.2.13
2024/03/22 (15:37:47) | ERROR: No UTF-8 locale detected!
Use --utf-force argument to force start if you're sure your terminal can handle it.

2024/03/22 (15:37:48) | ===> btop++ v.1.2.13
2024/03/22 (15:37:48) | ERROR: No UTF-8 locale detected!
Use --utf-force argument to force start if you're sure your terminal can handle it.

2024/03/22 (15:37:48) | ===> btop++ v.1.2.13
2024/03/22 (15:37:48) | ERROR: No UTF-8 locale detected!
Use --utf-force argument to force start if you're sure your terminal can handle it.

2024/03/22 (15:37:48) | ===> btop++ v.1.2.13
2024/03/22 (15:37:48) | ERROR: No UTF-8 locale detected!
Use --utf-force argument to force start if you're sure your terminal can handle it.

2024/03/22 (15:37:59) | ===> btop++ v.1.2.13
2024/03/22 (15:37:59) | ERROR: No UTF-8 locale detected!
Use --utf-force argument to force start if you're sure your terminal can handle it.

2024/03/22 (15:38:00) | ===> btop++ v.1.2.13
2024/03/22 (15:38:00) | ERROR: No UTF-8 locale detected!
Use --utf-force argument to force start if you're sure your terminal can handle it.

2024/03/22 (15:38:00) | ===> btop++ v.1.2.13
2024/03/22 (15:38:00) | ERROR: No UTF-8 locale detected!
Use --utf-force argument to force start if you're sure your terminal can handle it.

2024/03/22 (15:38:01) | ===> btop++ v.1.2.13
2024/03/22 (15:38:01) | ERROR: No UTF-8 locale detected!
Use --utf-force argument to force start if you're sure your terminal can handle it.

2024/03/22 (15:38:02) | ===> btop++ v.1.2.13
2024/03/22 (15:38:02) | ERROR: No UTF-8 locale detected!
Use --utf-force argument to force start if you're sure your terminal can handle it.

2024/03/22 (15:38:03) | ===> btop++ v.1.2.13
2024/03/22 (15:38:03) | ERROR: No UTF-8 locale detected!
Use --utf-force argument to force start if you're sure your terminal can handle it.

2024/03/22 (15:38:04) | ===> btop++ v.1.2.13
2024/03/22 (15:38:04) | ERROR: No UTF-8 locale detected!
Use --utf-force argument to force start if you're sure your terminal can handle it.

2024/03/22 (15:38:04) | ===> btop++ v.1.2.13
2024/03/22 (15:38:04) | ERROR: No UTF-8 locale detected!
Use --utf-force argument to force start if you're sure your terminal can handle it.

2024/03/22 (15:38:05) | ===> btop++ v.1.2.13
2024/03/22 (15:38:05) | ERROR: No UTF-8 locale detected!
Use --utf-force argument to force start if you're sure your terminal can handle it.

2024/03/22 (15:42:08) | ===> btop++ v.1.2.13
2024/03/22 (15:42:08) | ERROR: No UTF-8 locale detected!
Use --utf-force argument to force start if you're sure your terminal can handle it.

2024/03/22 (15:42:08) | ===> btop++ v.1.2.13
2024/03/22 (15:42:08) | ERROR: No UTF-8 locale detected!
Use --utf-force argument to force start if you're sure your terminal can handle it.

2024/03/22 (15:42:08) | ===> btop++ v.1.2.13
2024/03/22 (15:42:08) | ERROR: No UTF-8 locale detected!
Use --utf-force argument to force start if you're sure your terminal can handle it.

2024/03/22 (15:42:09) | ===> btop++ v.1.2.13
2024/03/22 (15:42:09) | ERROR: No UTF-8 locale detected!
Use --utf-force argument to force start if you're sure your terminal can handle it.

2024/03/22 (15:42:09) | ===> btop++ v.1.2.13
2024/03/22 (15:42:09) | ERROR: No UTF-8 locale detected!
Use --utf-force argument to force start if you're sure your terminal can handle it.

2024/03/22 (15:42:09) | ===> btop++ v.1.2.13
2024/03/22 (15:42:09) | ERROR: No UTF-8 locale detected!
Use --utf-force argument to force start if you're sure your terminal can handle it.

2024/03/22 (15:42:09) | ===> btop++ v.1.2.13
2024/03/22 (15:42:09) | ERROR: No UTF-8 locale detected!
Use --utf-force argument to force start if you're sure your terminal can handle it.

2024/03/22 (15:42:09) | ===> btop++ v.1.2.13
2024/03/22 (15:42:09) | ERROR: No UTF-8 locale detected!
Use --utf-force argument to force start if you're sure your terminal can handle it.

2024/03/22 (15:42:09) | ===> btop++ v.1.2.13
2024/03/22 (15:42:09) | ERROR: No UTF-8 locale detected!
Use --utf-force argument to force start if you're sure your terminal can handle it.

2024/03/22 (15:42:10) | ===> btop++ v.1.2.13
2024/03/22 (15:42:10) | ERROR: No UTF-8 locale detected!
Use --utf-force argument to force start if you're sure your terminal can handle it.

2024/03/22 (15:42:10) | ===> btop++ v.1.2.13
2024/03/22 (15:42:10) | ERROR: No UTF-8 locale detected!
Use --utf-force argument to force start if you're sure your terminal can handle it.

2024/03/22 (15:42:10) | ===> btop++ v.1.2.13
2024/03/22 (15:42:10) | ERROR: No UTF-8 locale detected!
Use --utf-force argument to force start if you're sure your terminal can handle it.

2024/03/22 (15:42:10) | ===> btop++ v.1.2.13
2024/03/22 (15:42:10) | ERROR: No UTF-8 locale detected!
Use --utf-force argument to force start if you're sure your terminal can handle it.

2024/03/22 (15:42:10) | ===> btop++ v.1.2.13
2024/03/22 (15:42:10) | ERROR: No UTF-8 locale detected!
Use --utf-force argument to force start if you're sure your terminal can handle it.

2024/03/22 (15:42:10) | ===> btop++ v.1.2.13
2024/03/22 (15:42:10) | ERROR: No UTF-8 locale detected!
Use --utf-force argument to force start if you're sure your terminal can handle it.

2024/03/22 (15:42:10) | ===> btop++ v.1.2.13
2024/03/22 (15:42:10) | ERROR: No UTF-8 locale detected!
Use --utf-force argument to force start if you're sure your terminal can handle it.

2024/03/22 (15:42:35) | ===> btop++ v.1.2.13
2024/03/22 (15:42:35) | ERROR: No UTF-8 locale detected!
Use --utf-force argument to force start if you're sure your terminal can handle it.

2024/03/22 (15:42:35) | ===> btop++ v.1.2.13
2024/03/22 (15:42:35) | ERROR: No UTF-8 locale detected!
Use --utf-force argument to force start if you're sure your terminal can handle it.

2024/03/22 (15:42:36) | ===> btop++ v.1.2.13
2024/03/22 (15:42:36) | ERROR: No UTF-8 locale detected!
Use --utf-force argument to force start if you're sure your terminal can handle it.

2024/03/22 (15:42:36) | ===> btop++ v.1.2.13
2024/03/22 (15:42:36) | ERROR: No UTF-8 locale detected!
Use --utf-force argument to force start if you're sure your terminal can handle it.

2024/03/22 (15:42:36) | ===> btop++ v.1.2.13
2024/03/22 (15:42:36) | ERROR: No UTF-8 locale detected!
Use --utf-force argument to force start if you're sure your terminal can handle it.

2024/03/22 (15:44:52) | ===> btop++ v.1.2.13
2024/03/22 (15:44:52) | ERROR: No UTF-8 locale detected!
Use --utf-force argument to force start if you're sure your terminal can handle it.

2024/03/22 (15:44:52) | ===> btop++ v.1.2.13
2024/03/22 (15:44:52) | ERROR: No UTF-8 locale detected!
Use --utf-force argument to force start if you're sure your terminal can handle it.

2024/03/22 (15:44:52) | ===> btop++ v.1.2.13
2024/03/22 (15:44:52) | ERROR: No UTF-8 locale detected!
Use --utf-force argument to force start if you're sure your terminal can handle it.

2024/03/22 (15:44:53) | ===> btop++ v.1.2.13
2024/03/22 (15:44:53) | ERROR: No UTF-8 locale detected!
Use --utf-force argument to force start if you're sure your terminal can handle it.

2024/03/22 (15:44:53) | ===> btop++ v.1.2.13
2024/03/22 (15:44:53) | ERROR: No UTF-8 locale detected!
Use --utf-force argument to force start if you're sure your terminal can handle it.

2024/03/22 (15:44:54) | ===> btop++ v.1.2.13
2024/03/22 (15:44:54) | ERROR: No UTF-8 locale detected!
Use --utf-force argument to force start if you're sure your terminal can handle it.

2024/03/22 (15:44:54) | ===> btop++ v.1.2.13
2024/03/22 (15:44:54) | ERROR: No UTF-8 locale detected!
Use --utf-force argument to force start if you're sure your terminal can handle it.

2024/03/22 (15:44:54) | ===> btop++ v.1.2.13
2024/03/22 (15:44:54) | ERROR: No UTF-8 locale detected!
Use --utf-force argument to force start if you're sure your terminal can handle it.

2024/03/22 (15:47:13) | ===> btop++ v.1.2.13
2024/03/22 (15:47:13) | ERROR: No UTF-8 locale detected!
Use --utf-force argument to force start if you're sure your terminal can handle it.

2024/03/22 (15:47:14) | ===> btop++ v.1.2.13
2024/03/22 (15:47:14) | ERROR: No UTF-8 locale detected!
Use --utf-force argument to force start if you're sure your terminal can handle it.

2024/03/22 (15:47:14) | ===> btop++ v.1.2.13
2024/03/22 (15:47:14) | ERROR: No UTF-8 locale detected!
Use --utf-force argument to force start if you're sure your terminal can handle it.

2024/03/22 (15:47:14) | ===> btop++ v.1.2.13
2024/03/22 (15:47:14) | ERROR: No UTF-8 locale detected!
Use --utf-force argument to force start if you're sure your terminal can handle it.

2024/03/22 (15:47:14) | ===> btop++ v.1.2.13
2024/03/22 (15:47:14) | ERROR: No UTF-8 locale detected!
Use --utf-force argument to force start if you're sure your terminal can handle it.

2024/03/22 (15:47:14) | ===> btop++ v.1.2.13
2024/03/22 (15:47:14) | ERROR: No UTF-8 locale detected!
Use --utf-force argument to force start if you're sure your terminal can handle it.

2024/03/22 (15:47:14) | ===> btop++ v.1.2.13
2024/03/22 (15:47:14) | ERROR: No UTF-8 locale detected!
Use --utf-force argument to force start if you're sure your terminal can handle it.

2024/03/22 (15:47:28) | ===> btop++ v.1.2.13
2024/03/22 (15:47:28) | ERROR: No UTF-8 locale detected!
Use --utf-force argument to force start if you're sure your terminal can handle it.

2024/03/22 (15:47:29) | ===> btop++ v.1.2.13
2024/03/22 (15:47:29) | ERROR: No UTF-8 locale detected!
Use --utf-force argument to force start if you're sure your terminal can handle it.

2024/03/22 (15:47:29) | ===> btop++ v.1.2.13
2024/03/22 (15:47:29) | ERROR: No UTF-8 locale detected!
Use --utf-force argument to force start if you're sure your terminal can handle it.

2024/03/22 (15:47:29) | ===> btop++ v.1.2.13
2024/03/22 (15:47:29) | ERROR: No UTF-8 locale detected!
Use --utf-force argument to force start if you're sure your terminal can handle it.

2024/03/22 (15:47:29) | ===> btop++ v.1.2.13
2024/03/22 (15:47:29) | ERROR: No UTF-8 locale detected!
Use --utf-force argument to force start if you're sure your terminal can handle it.

2024/03/22 (15:47:30) | ===> btop++ v.1.2.13
2024/03/22 (15:47:30) | ERROR: No UTF-8 locale detected!
Use --utf-force argument to force start if you're sure your terminal can handle it.

2024/03/22 (15:47:30) | ===> btop++ v.1.2.13
2024/03/22 (15:47:30) | ERROR: No UTF-8 locale detected!
Use --utf-force argument to force start if you're sure your terminal can handle it.

2024/03/22 (15:47:30) | ===> btop++ v.1.2.13
2024/03/22 (15:47:30) | ERROR: No UTF-8 locale detected!
Use --utf-force argument to force start if you're sure your terminal can handle it.

2024/03/22 (15:47:30) | ===> btop++ v.1.2.13
2024/03/22 (15:47:30) | ERROR: No UTF-8 locale detected!
Use --utf-force argument to force start if you're sure your terminal can handle it.

2024/03/22 (15:47:30) | ===> btop++ v.1.2.13
2024/03/22 (15:47:30) | ERROR: No UTF-8 locale detected!
Use --utf-force argument to force start if you're sure your terminal can handle it.

2024/03/22 (15:47:30) | ===> btop++ v.1.2.13
2024/03/22 (15:47:30) | ERROR: No UTF-8 locale detected!
Use --utf-force argument to force start if you're sure your terminal can handle it.

2024/03/22 (15:47:30) | ===> btop++ v.1.2.13
2024/03/22 (15:47:30) | ERROR: No UTF-8 locale detected!
Use --utf-force argument to force start if you're sure your terminal can handle it.

2024/03/22 (15:47:31) | ===> btop++ v.1.2.13
2024/03/22 (15:47:31) | ERROR: No UTF-8 locale detected!
Use --utf-force argument to force start if you're sure your terminal can handle it.

2024/03/22 (15:47:31) | ===> btop++ v.1.2.13
2024/03/22 (15:47:31) | ERROR: No UTF-8 locale detected!
Use --utf-force argument to force start if you're sure your terminal can handle it.

2024/03/22 (15:47:31) | ===> btop++ v.1.2.13
2024/03/22 (15:47:31) | ERROR: No UTF-8 locale detected!
Use --utf-force argument to force start if you're sure your terminal can handle it.

2024/03/22 (15:47:31) | ===> btop++ v.1.2.13
2024/03/22 (15:47:31) | ERROR: No UTF-8 locale detected!
Use --utf-force argument to force start if you're sure your terminal can handle it.

2024/03/22 (15:47:32) | ===> btop++ v.1.2.13
2024/03/22 (15:47:32) | ERROR: No UTF-8 locale detected!
Use --utf-force argument to force start if you're sure your terminal can handle it.

2024/03/22 (15:47:32) | ===> btop++ v.1.2.13
2024/03/22 (15:47:32) | ERROR: No UTF-8 locale detected!
Use --utf-force argument to force start if you're sure your terminal can handle it.

2024/03/22 (15:47:32) | ===> btop++ v.1.2.13
2024/03/22 (15:47:32) | ERROR: No UTF-8 locale detected!
Use --utf-force argument to force start if you're sure your terminal can handle it.

2024/03/22 (15:47:32) | ===> btop++ v.1.2.13
2024/03/22 (15:47:32) | ERROR: No UTF-8 locale detected!
Use --utf-force argument to force start if you're sure your terminal can handle it.

2024/03/22 (15:47:32) | ===> btop++ v.1.2.13
2024/03/22 (15:47:32) | ERROR: No UTF-8 locale detected!
Use --utf-force argument to force start if you're sure your terminal can handle it.

2024/03/22 (15:47:32) | ===> btop++ v.1.2.13
2024/03/22 (15:47:32) | ERROR: No UTF-8 locale detected!
Use --utf-force argument to force start if you're sure your terminal can handle it.

2024/03/22 (15:47:33) | ===> btop++ v.1.2.13
2024/03/22 (15:47:33) | ERROR: No UTF-8 locale detected!
Use --utf-force argument to force start if you're sure your terminal can handle it.

2024/03/22 (15:47:33) | ===> btop++ v.1.2.13
2024/03/22 (15:47:33) | ERROR: No UTF-8 locale detected!
Use --utf-force argument to force start if you're sure your terminal can handle it.

2024/03/22 (15:47:40) | ===> btop++ v.1.2.13
2024/03/22 (15:47:40) | ERROR: No UTF-8 locale detected!
Use --utf-force argument to force start if you're sure your terminal can handle it.

2024/03/22 (15:47:40) | ===> btop++ v.1.2.13
2024/03/22 (15:47:40) | ERROR: No UTF-8 locale detected!
Use --utf-force argument to force start if you're sure your terminal can handle it.

2024/03/22 (15:47:41) | ===> btop++ v.1.2.13
2024/03/22 (15:47:41) | ERROR: No UTF-8 locale detected!
Use --utf-force argument to force start if you're sure your terminal can handle it.

2024/03/22 (15:47:41) | ===> btop++ v.1.2.13
2024/03/22 (15:47:41) | ERROR: No UTF-8 locale detected!
Use --utf-force argument to force start if you're sure your terminal can handle it.

2024/03/22 (15:47:41) | ===> btop++ v.1.2.13
2024/03/22 (15:47:41) | ERROR: No UTF-8 locale detected!
Use --utf-force argument to force start if you're sure your terminal can handle it.

2024/03/22 (15:47:41) | ===> btop++ v.1.2.13
2024/03/22 (15:47:41) | ERROR: No UTF-8 locale detected!
Use --utf-force argument to force start if you're sure your terminal can handle it.

2024/03/22 (15:47:41) | ===> btop++ v.1.2.13
2024/03/22 (15:47:41) | ERROR: No UTF-8 locale detected!
Use --utf-force argument to force start if you're sure your terminal can handle it.

2024/03/22 (15:47:41) | ===> btop++ v.1.2.13
2024/03/22 (15:47:41) | ERROR: No UTF-8 locale detected!
Use --utf-force argument to force start if you're sure your terminal can handle it.

2024/03/22 (15:47:41) | ===> btop++ v.1.2.13
2024/03/22 (15:47:41) | ERROR: No UTF-8 locale detected!
Use --utf-force argument to force start if you're sure your terminal can handle it.

2024/03/22 (15:47:42) | ===> btop++ v.1.2.13
2024/03/22 (15:47:42) | ERROR: No UTF-8 locale detected!
Use --utf-force argument to force start if you're sure your terminal can handle it.

2024/03/22 (15:47:42) | ===> btop++ v.1.2.13
2024/03/22 (15:47:42) | ERROR: No UTF-8 locale detected!
Use --utf-force argument to force start if you're sure your terminal can handle it.

2024/03/22 (15:47:42) | ===> btop++ v.1.2.13
2024/03/22 (15:47:42) | ERROR: No UTF-8 locale detected!
Use --utf-force argument to force start if you're sure your terminal can handle it.

2024/03/22 (15:47:42) | ===> btop++ v.1.2.13
2024/03/22 (15:47:42) | ERROR: No UTF-8 locale detected!
Use --utf-force argument to force start if you're sure your terminal can handle it.

2024/03/22 (15:47:42) | ===> btop++ v.1.2.13
2024/03/22 (15:47:42) | ERROR: No UTF-8 locale detected!
Use --utf-force argument to force start if you're sure your terminal can handle it.

2024/03/22 (15:47:42) | ===> btop++ v.1.2.13
2024/03/22 (15:47:42) | ERROR: No UTF-8 locale detected!
Use --utf-force argument to force start if you're sure your terminal can handle it.

2024/03/22 (15:47:42) | ===> btop++ v.1.2.13
2024/03/22 (15:47:42) | ERROR: No UTF-8 locale detected!
Use --utf-force argument to force start if you're sure your terminal can handle it.

2024/03/22 (15:47:43) | ===> btop++ v.1.2.13
2024/03/22 (15:47:43) | ERROR: No UTF-8 locale detected!
Use --utf-force argument to force start if you're sure your terminal can handle it.

2024/03/22 (15:47:43) | ===> btop++ v.1.2.13
2024/03/22 (15:47:43) | ERROR: No UTF-8 locale detected!
Use --utf-force argument to force start if you're sure your terminal can handle it.

2024/03/22 (15:47:43) | ===> btop++ v.1.2.13
2024/03/22 (15:47:43) | ERROR: No UTF-8 locale detected!
Use --utf-force argument to force start if you're sure your terminal can handle it.

2024/03/27 (14:42:25) | ===> btop++ v.1.2.13
2024/03/27 (14:42:25) | ERROR: No UTF-8 locale detected!
Use --utf-force argument to force start if you're sure your terminal can handle it.

2024/03/27 (14:42:28) | ===> btop++ v.1.2.13
2024/03/27 (14:42:28) | ERROR: No UTF-8 locale detected!
Use --utf-force argument to force start if you're sure your terminal can handle it.

2024/03/28 (01:24:16) | ===> btop++ v.1.2.13
2024/03/28 (01:24:16) | INFO: Logger set to INFO
2024/03/28 (01:24:19) | INFO: Logger set to INFO
2024/03/28 (01:24:19) | INFO: Logger set to DEBUG

2024/03/28 (01:25:02) | ===> btop++ v.1.2.13
2024/03/28 (01:25:02) | ERROR: No UTF-8 locale detected!
Use --utf-force argument to force start if you're sure your terminal can handle it.
